2024-08-29T08:26:32.420Z  INFO 13972 --- [monetab] [restartedMain] c.d.monetab.MonetabApplication           : Starting MonetabApplication using Java 17.0.7 with PID 13972 (C:\Users\HP\Documents\Formation_ATOS\monetab\target\classes started by HP in C:\Users\HP\Documents\Formation_ATOS\monetab)
2024-08-29T08:26:32.444Z  INFO 13972 --- [monetab] [restartedMain] c.d.monetab.MonetabApplication           : No active profile set, falling back to 1 default profile: "default"
2024-08-29T08:26:32.648Z  INFO 13972 --- [monetab] [restartedMain] .e.DevToolsPropertyDefaultsPostProcessor : Devtools property defaults active! Set 'spring.devtools.add-properties' to 'false' to disable
2024-08-29T08:26:32.649Z  INFO 13972 --- [monetab] [restartedMain] .e.DevToolsPropertyDefaultsPostProcessor : For additional web related logging consider setting the 'logging.level.web' property to 'DEBUG'
2024-08-29T08:26:34.080Z  INFO 13972 --- [monetab] [restartedMain] .s.d.r.c.RepositoryConfigurationDelegate : Bootstrapping Spring Data JPA repositories in DEFAULT mode.
2024-08-29T08:26:34.236Z  INFO 13972 --- [monetab] [restartedMain] .s.d.r.c.RepositoryConfigurationDelegate : Finished Spring Data repository scanning in 139 ms. Found 5 JPA repository interfaces.
2024-08-29T08:26:35.473Z  INFO 13972 --- [monetab] [restartedMain] o.s.b.w.embedded.tomcat.TomcatWebServer  : Tomcat initialized with port 8081 (http)
2024-08-29T08:26:35.500Z  INFO 13972 --- [monetab] [restartedMain] o.apache.catalina.core.StandardService   : Starting service [Tomcat]
2024-08-29T08:26:35.502Z  INFO 13972 --- [monetab] [restartedMain] o.apache.catalina.core.StandardEngine    : Starting Servlet engine: [Apache Tomcat/10.1.26]
2024-08-29T08:26:35.684Z  INFO 13972 --- [monetab] [restartedMain] o.a.c.c.C.[Tomcat].[localhost].[/]       : Initializing Spring embedded WebApplicationContext
2024-08-29T08:26:35.685Z  INFO 13972 --- [monetab] [restartedMain] w.s.c.ServletWebServerApplicationContext : Root WebApplicationContext: initialization completed in 3028 ms
2024-08-29T08:26:36.059Z  INFO 13972 --- [monetab] [restartedMain] o.hibernate.jpa.internal.util.LogHelper  : HHH000204: Processing PersistenceUnitInfo [name: default]
2024-08-29T08:26:36.186Z  INFO 13972 --- [monetab] [restartedMain] org.hibernate.Version                    : HHH000412: Hibernate ORM core version 6.5.2.Final
2024-08-29T08:26:36.253Z  INFO 13972 --- [monetab] [restartedMain] o.h.c.internal.RegionFactoryInitiator    : HHH000026: Second-level cache disabled
2024-08-29T08:26:37.026Z  INFO 13972 --- [monetab] [restartedMain] o.s.o.j.p.SpringPersistenceUnitInfo      : No LoadTimeWeaver setup: ignoring JPA class transformer
2024-08-29T08:26:37.194Z  INFO 13972 --- [monetab] [restartedMain] com.zaxxer.hikari.HikariDataSource       : HikariPool-1 - Starting...
2024-08-29T08:26:37.730Z  INFO 13972 --- [monetab] [restartedMain] com.zaxxer.hikari.pool.HikariPool        : HikariPool-1 - Added connection com.mysql.cj.jdbc.ConnectionImpl@756ab1f9
2024-08-29T08:26:37.739Z  INFO 13972 --- [monetab] [restartedMain] com.zaxxer.hikari.HikariDataSource       : HikariPool-1 - Start completed.
2024-08-29T08:26:37.879Z  WARN 13972 --- [monetab] [restartedMain] org.hibernate.dialect.Dialect            : HHH000511: The 5.5.5 version for [org.hibernate.dialect.MySQLDialect] is no longer supported, hence certain features may not work properly. The minimum supported version is 8.0.0. Check the community dialects project for available legacy versions.
2024-08-29T08:26:37.895Z  WARN 13972 --- [monetab] [restartedMain] org.hibernate.orm.deprecation            : HHH90000025: MySQLDialect does not need to be specified explicitly using 'hibernate.dialect' (remove the property setting and it will be selected by default)
2024-08-29T08:26:38.520Z  INFO 13972 --- [monetab] [restartedMain] o.hibernate.id.enhanced.TableGenerator   : HHH000398: Explicit segment value for id generator [hibernate_sequences.sequence_name] suggested; using default [default]
2024-08-29T08:26:40.062Z  INFO 13972 --- [monetab] [restartedMain] o.h.e.t.j.p.i.JtaPlatformInitiator       : HHH000489: No JTA platform available (set 'hibernate.transaction.jta.platform' to enable JTA platform integration)
2024-08-29T08:26:40.494Z  INFO 13972 --- [monetab] [restartedMain] j.LocalContainerEntityManagerFactoryBean : Initialized JPA EntityManagerFactory for persistence unit 'default'
2024-08-29T08:26:41.185Z  WARN 13972 --- [monetab] [restartedMain] JpaBaseConfiguration$JpaWebConfiguration : spring.jpa.open-in-view is enabled by default. Therefore, database queries may be performed during view rendering. Explicitly configure spring.jpa.open-in-view to disable this warning
2024-08-29T08:26:41.877Z  INFO 13972 --- [monetab] [restartedMain] o.s.b.d.a.OptionalLiveReloadServer       : LiveReload server is running on port 35729
2024-08-29T08:26:41.951Z  INFO 13972 --- [monetab] [restartedMain] o.s.b.w.embedded.tomcat.TomcatWebServer  : Tomcat started on port 8081 (http) with context path '/'
2024-08-29T08:26:41.988Z  INFO 13972 --- [monetab] [restartedMain] c.d.monetab.MonetabApplication           : Started MonetabApplication in 10.441 seconds (process running for 12.375)
2024-08-29T08:26:59.740Z  INFO 13972 --- [monetab] [http-nio-8081-exec-1] o.a.c.c.C.[Tomcat].[localhost].[/]       : Initializing Spring DispatcherServlet 'dispatcherServlet'
2024-08-29T08:26:59.741Z  INFO 13972 --- [monetab] [http-nio-8081-exec-1] o.s.web.servlet.DispatcherServlet        : Initializing Servlet 'dispatcherServlet'
2024-08-29T08:26:59.743Z  INFO 13972 --- [monetab] [http-nio-8081-exec-1] o.s.web.servlet.DispatcherServlet        : Completed initialization in 2 ms
2024-08-29T08:27:33.694Z  WARN 13972 --- [monetab] [http-nio-8081-exec-5] actStandardFragmentInsertionTagProcessor : [THYMELEAF][http-nio-8081-exec-5][Home/dashboad] Deprecated unwrapped fragment expression "fragments/fragment::head" found in template Home/dashboad, line 6, col 7. Please use the complete syntax of fragment expressions instead ("~{fragments/fragment::head}"). The old, unwrapped syntax for fragment expressions will be removed in future versions of Thymeleaf.
2024-08-29T08:27:33.722Z  WARN 13972 --- [monetab] [http-nio-8081-exec-5] actStandardFragmentInsertionTagProcessor : [THYMELEAF][http-nio-8081-exec-5][Home/dashboad] Deprecated unwrapped fragment expression "fragments/fragment::sidebar" found in template Home/dashboad, line 8, col 23. Please use the complete syntax of fragment expressions instead ("~{fragments/fragment::sidebar}"). The old, unwrapped syntax for fragment expressions will be removed in future versions of Thymeleaf.
2024-08-29T08:27:33.735Z  WARN 13972 --- [monetab] [http-nio-8081-exec-5] actStandardFragmentInsertionTagProcessor : [THYMELEAF][http-nio-8081-exec-5][Home/dashboad] Deprecated unwrapped fragment expression "fragments/fragment::gender" found in template Home/dashboad, line 35, col 11. Please use the complete syntax of fragment expressions instead ("~{fragments/fragment::gender}"). The old, unwrapped syntax for fragment expressions will be removed in future versions of Thymeleaf.
2024-08-29T08:27:33.741Z  WARN 13972 --- [monetab] [http-nio-8081-exec-5] actStandardFragmentInsertionTagProcessor : [THYMELEAF][http-nio-8081-exec-5][Home/dashboad] Deprecated unwrapped fragment expression "fragments/fragment::modal" found in template Home/dashboad, line 36, col 11. Please use the complete syntax of fragment expressions instead ("~{fragments/fragment::modal}"). The old, unwrapped syntax for fragment expressions will be removed in future versions of Thymeleaf.
2024-08-29T08:27:46.517Z  WARN 13972 --- [monetab] [http-nio-8081-exec-5] actStandardFragmentInsertionTagProcessor : [THYMELEAF][http-nio-8081-exec-5][students/list] Deprecated unwrapped fragment expression "fragments/fragment::head" found in template students/list, line 7, col 7. Please use the complete syntax of fragment expressions instead ("~{fragments/fragment::head}"). The old, unwrapped syntax for fragment expressions will be removed in future versions of Thymeleaf.
2024-08-29T08:27:46.525Z  WARN 13972 --- [monetab] [http-nio-8081-exec-5] actStandardFragmentInsertionTagProcessor : [THYMELEAF][http-nio-8081-exec-5][students/list] Deprecated unwrapped fragment expression "fragments/fragment::sidebar" found in template students/list, line 9, col 23. Please use the complete syntax of fragment expressions instead ("~{fragments/fragment::sidebar}"). The old, unwrapped syntax for fragment expressions will be removed in future versions of Thymeleaf.
2024-08-29T08:27:46.583Z  WARN 13972 --- [monetab] [http-nio-8081-exec-5] actStandardFragmentInsertionTagProcessor : [THYMELEAF][http-nio-8081-exec-5][students/list] Deprecated unwrapped fragment expression "fragments/fragment::gender" found in template students/list, line 75, col 11. Please use the complete syntax of fragment expressions instead ("~{fragments/fragment::gender}"). The old, unwrapped syntax for fragment expressions will be removed in future versions of Thymeleaf.
2024-08-29T08:27:46.590Z  WARN 13972 --- [monetab] [http-nio-8081-exec-5] actStandardFragmentInsertionTagProcessor : [THYMELEAF][http-nio-8081-exec-5][students/list] Deprecated unwrapped fragment expression "fragments/fragment::modal" found in template students/list, line 76, col 11. Please use the complete syntax of fragment expressions instead ("~{fragments/fragment::modal}"). The old, unwrapped syntax for fragment expressions will be removed in future versions of Thymeleaf.
2024-08-29T08:27:48.985Z  WARN 13972 --- [monetab] [http-nio-8081-exec-6] actStandardFragmentInsertionTagProcessor : [THYMELEAF][http-nio-8081-exec-6][teachers/list] Deprecated unwrapped fragment expression "fragments/fragment::head" found in template teachers/list, line 6, col 7. Please use the complete syntax of fragment expressions instead ("~{fragments/fragment::head}"). The old, unwrapped syntax for fragment expressions will be removed in future versions of Thymeleaf.
2024-08-29T08:27:48.988Z  WARN 13972 --- [monetab] [http-nio-8081-exec-6] actStandardFragmentInsertionTagProcessor : [THYMELEAF][http-nio-8081-exec-6][teachers/list] Deprecated unwrapped fragment expression "fragments/fragment::sidebar" found in template teachers/list, line 8, col 23. Please use the complete syntax of fragment expressions instead ("~{fragments/fragment::sidebar}"). The old, unwrapped syntax for fragment expressions will be removed in future versions of Thymeleaf.
2024-08-29T08:27:49.000Z  WARN 13972 --- [monetab] [http-nio-8081-exec-6] actStandardFragmentInsertionTagProcessor : [THYMELEAF][http-nio-8081-exec-6][teachers/list] Deprecated unwrapped fragment expression "fragments/fragment::gender" found in template teachers/list, line 73, col 11. Please use the complete syntax of fragment expressions instead ("~{fragments/fragment::gender}"). The old, unwrapped syntax for fragment expressions will be removed in future versions of Thymeleaf.
2024-08-29T08:27:49.003Z  WARN 13972 --- [monetab] [http-nio-8081-exec-6] actStandardFragmentInsertionTagProcessor : [THYMELEAF][http-nio-8081-exec-6][teachers/list] Deprecated unwrapped fragment expression "fragments/fragment::modal" found in template teachers/list, line 74, col 11. Please use the complete syntax of fragment expressions instead ("~{fragments/fragment::modal}"). The old, unwrapped syntax for fragment expressions will be removed in future versions of Thymeleaf.
2024-08-29T08:27:50.924Z  WARN 13972 --- [monetab] [http-nio-8081-exec-9] actStandardFragmentInsertionTagProcessor : [THYMELEAF][http-nio-8081-exec-9][users/list] Deprecated unwrapped fragment expression "fragments/fragment::head" found in template users/list, line 6, col 7. Please use the complete syntax of fragment expressions instead ("~{fragments/fragment::head}"). The old, unwrapped syntax for fragment expressions will be removed in future versions of Thymeleaf.
2024-08-29T08:27:50.928Z  WARN 13972 --- [monetab] [http-nio-8081-exec-9] actStandardFragmentInsertionTagProcessor : [THYMELEAF][http-nio-8081-exec-9][users/list] Deprecated unwrapped fragment expression "fragments/fragment::sidebar" found in template users/list, line 8, col 23. Please use the complete syntax of fragment expressions instead ("~{fragments/fragment::sidebar}"). The old, unwrapped syntax for fragment expressions will be removed in future versions of Thymeleaf.
2024-08-29T08:27:50.962Z  WARN 13972 --- [monetab] [http-nio-8081-exec-9] actStandardFragmentInsertionTagProcessor : [THYMELEAF][http-nio-8081-exec-9][users/list] Deprecated unwrapped fragment expression "fragments/fragment::gender" found in template users/list, line 62, col 11. Please use the complete syntax of fragment expressions instead ("~{fragments/fragment::gender}"). The old, unwrapped syntax for fragment expressions will be removed in future versions of Thymeleaf.
2024-08-29T08:27:50.966Z  WARN 13972 --- [monetab] [http-nio-8081-exec-9] actStandardFragmentInsertionTagProcessor : [THYMELEAF][http-nio-8081-exec-9][users/list] Deprecated unwrapped fragment expression "fragments/fragment::modal" found in template users/list, line 63, col 11. Please use the complete syntax of fragment expressions instead ("~{fragments/fragment::modal}"). The old, unwrapped syntax for fragment expressions will be removed in future versions of Thymeleaf.
2024-08-29T08:32:47.026Z  INFO 13972 --- [monetab] [SpringApplicationShutdownHook] j.LocalContainerEntityManagerFactoryBean : Closing JPA EntityManagerFactory for persistence unit 'default'
2024-08-29T08:32:47.032Z  INFO 13972 --- [monetab] [SpringApplicationShutdownHook] com.zaxxer.hikari.HikariDataSource       : HikariPool-1 - Shutdown initiated...
2024-08-29T08:32:47.042Z  INFO 13972 --- [monetab] [SpringApplicationShutdownHook] com.zaxxer.hikari.HikariDataSource       : HikariPool-1 - Shutdown completed.
2024-08-29T08:33:00.289Z  INFO 8488 --- [monetab] [restartedMain] c.d.monetab.MonetabApplication           : Starting MonetabApplication using Java 17.0.7 with PID 8488 (C:\Users\HP\Documents\Formation_ATOS\monetab\target\classes started by HP in C:\Users\HP\Documents\Formation_ATOS\monetab)
2024-08-29T08:33:00.296Z  INFO 8488 --- [monetab] [restartedMain] c.d.monetab.MonetabApplication           : No active profile set, falling back to 1 default profile: "default"
2024-08-29T08:33:00.451Z  INFO 8488 --- [monetab] [restartedMain] .e.DevToolsPropertyDefaultsPostProcessor : Devtools property defaults active! Set 'spring.devtools.add-properties' to 'false' to disable
2024-08-29T08:33:00.452Z  INFO 8488 --- [monetab] [restartedMain] .e.DevToolsPropertyDefaultsPostProcessor : For additional web related logging consider setting the 'logging.level.web' property to 'DEBUG'
2024-08-29T08:33:02.469Z  INFO 8488 --- [monetab] [restartedMain] .s.d.r.c.RepositoryConfigurationDelegate : Bootstrapping Spring Data JPA repositories in DEFAULT mode.
2024-08-29T08:33:02.687Z  INFO 8488 --- [monetab] [restartedMain] .s.d.r.c.RepositoryConfigurationDelegate : Finished Spring Data repository scanning in 196 ms. Found 5 JPA repository interfaces.
2024-08-29T08:33:04.350Z  INFO 8488 --- [monetab] [restartedMain] o.s.b.w.embedded.tomcat.TomcatWebServer  : Tomcat initialized with port 8081 (http)
2024-08-29T08:33:04.379Z  INFO 8488 --- [monetab] [restartedMain] o.apache.catalina.core.StandardService   : Starting service [Tomcat]
2024-08-29T08:33:04.380Z  INFO 8488 --- [monetab] [restartedMain] o.apache.catalina.core.StandardEngine    : Starting Servlet engine: [Apache Tomcat/10.1.26]
2024-08-29T08:33:04.542Z  INFO 8488 --- [monetab] [restartedMain] o.a.c.c.C.[Tomcat].[localhost].[/]       : Initializing Spring embedded WebApplicationContext
2024-08-29T08:33:04.543Z  INFO 8488 --- [monetab] [restartedMain] w.s.c.ServletWebServerApplicationContext : Root WebApplicationContext: initialization completed in 4089 ms
2024-08-29T08:33:05.082Z  INFO 8488 --- [monetab] [restartedMain] o.hibernate.jpa.internal.util.LogHelper  : HHH000204: Processing PersistenceUnitInfo [name: default]
2024-08-29T08:33:05.287Z  INFO 8488 --- [monetab] [restartedMain] org.hibernate.Version                    : HHH000412: Hibernate ORM core version 6.5.2.Final
2024-08-29T08:33:05.401Z  INFO 8488 --- [monetab] [restartedMain] o.h.c.internal.RegionFactoryInitiator    : HHH000026: Second-level cache disabled
2024-08-29T08:33:06.421Z  INFO 8488 --- [monetab] [restartedMain] o.s.o.j.p.SpringPersistenceUnitInfo      : No LoadTimeWeaver setup: ignoring JPA class transformer
2024-08-29T08:33:06.518Z  INFO 8488 --- [monetab] [restartedMain] com.zaxxer.hikari.HikariDataSource       : HikariPool-1 - Starting...
2024-08-29T08:33:07.198Z  INFO 8488 --- [monetab] [restartedMain] com.zaxxer.hikari.pool.HikariPool        : HikariPool-1 - Added connection com.mysql.cj.jdbc.ConnectionImpl@3166e7d4
2024-08-29T08:33:07.204Z  INFO 8488 --- [monetab] [restartedMain] com.zaxxer.hikari.HikariDataSource       : HikariPool-1 - Start completed.
2024-08-29T08:33:07.395Z  WARN 8488 --- [monetab] [restartedMain] org.hibernate.dialect.Dialect            : HHH000511: The 5.5.5 version for [org.hibernate.dialect.MySQLDialect] is no longer supported, hence certain features may not work properly. The minimum supported version is 8.0.0. Check the community dialects project for available legacy versions.
2024-08-29T08:33:07.432Z  WARN 8488 --- [monetab] [restartedMain] org.hibernate.orm.deprecation            : HHH90000025: MySQLDialect does not need to be specified explicitly using 'hibernate.dialect' (remove the property setting and it will be selected by default)
2024-08-29T08:33:08.060Z  INFO 8488 --- [monetab] [restartedMain] o.hibernate.id.enhanced.TableGenerator   : HHH000398: Explicit segment value for id generator [hibernate_sequences.sequence_name] suggested; using default [default]
2024-08-29T08:33:10.163Z  INFO 8488 --- [monetab] [restartedMain] o.h.e.t.j.p.i.JtaPlatformInitiator       : HHH000489: No JTA platform available (set 'hibernate.transaction.jta.platform' to enable JTA platform integration)
2024-08-29T08:33:10.537Z  INFO 8488 --- [monetab] [restartedMain] j.LocalContainerEntityManagerFactoryBean : Initialized JPA EntityManagerFactory for persistence unit 'default'
2024-08-29T08:33:11.598Z  WARN 8488 --- [monetab] [restartedMain] JpaBaseConfiguration$JpaWebConfiguration : spring.jpa.open-in-view is enabled by default. Therefore, database queries may be performed during view rendering. Explicitly configure spring.jpa.open-in-view to disable this warning
2024-08-29T08:33:12.611Z  INFO 8488 --- [monetab] [restartedMain] o.s.b.d.a.OptionalLiveReloadServer       : LiveReload server is running on port 35729
2024-08-29T08:33:12.722Z  INFO 8488 --- [monetab] [restartedMain] o.s.b.w.embedded.tomcat.TomcatWebServer  : Tomcat started on port 8081 (http) with context path '/'
2024-08-29T08:33:12.755Z  INFO 8488 --- [monetab] [restartedMain] c.d.monetab.MonetabApplication           : Started MonetabApplication in 13.692 seconds (process running for 15.484)
2024-08-29T08:33:28.788Z  INFO 8488 --- [monetab] [http-nio-8081-exec-1] o.a.c.c.C.[Tomcat].[localhost].[/]       : Initializing Spring DispatcherServlet 'dispatcherServlet'
2024-08-29T08:33:28.789Z  INFO 8488 --- [monetab] [http-nio-8081-exec-1] o.s.web.servlet.DispatcherServlet        : Initializing Servlet 'dispatcherServlet'
2024-08-29T08:33:28.792Z  INFO 8488 --- [monetab] [http-nio-8081-exec-1] o.s.web.servlet.DispatcherServlet        : Completed initialization in 2 ms
2024-08-29T08:34:07.101Z  WARN 8488 --- [monetab] [http-nio-8081-exec-2] actStandardFragmentInsertionTagProcessor : [THYMELEAF][http-nio-8081-exec-2][Home/dashboad] Deprecated unwrapped fragment expression "fragments/fragment::head" found in template Home/dashboad, line 6, col 7. Please use the complete syntax of fragment expressions instead ("~{fragments/fragment::head}"). The old, unwrapped syntax for fragment expressions will be removed in future versions of Thymeleaf.
2024-08-29T08:34:07.136Z  WARN 8488 --- [monetab] [http-nio-8081-exec-2] actStandardFragmentInsertionTagProcessor : [THYMELEAF][http-nio-8081-exec-2][Home/dashboad] Deprecated unwrapped fragment expression "fragments/fragment::sidebar" found in template Home/dashboad, line 8, col 23. Please use the complete syntax of fragment expressions instead ("~{fragments/fragment::sidebar}"). The old, unwrapped syntax for fragment expressions will be removed in future versions of Thymeleaf.
2024-08-29T08:34:07.148Z  WARN 8488 --- [monetab] [http-nio-8081-exec-2] actStandardFragmentInsertionTagProcessor : [THYMELEAF][http-nio-8081-exec-2][Home/dashboad] Deprecated unwrapped fragment expression "fragments/fragment::gender" found in template Home/dashboad, line 35, col 11. Please use the complete syntax of fragment expressions instead ("~{fragments/fragment::gender}"). The old, unwrapped syntax for fragment expressions will be removed in future versions of Thymeleaf.
2024-08-29T08:34:07.152Z  WARN 8488 --- [monetab] [http-nio-8081-exec-2] actStandardFragmentInsertionTagProcessor : [THYMELEAF][http-nio-8081-exec-2][Home/dashboad] Deprecated unwrapped fragment expression "fragments/fragment::modal" found in template Home/dashboad, line 36, col 11. Please use the complete syntax of fragment expressions instead ("~{fragments/fragment::modal}"). The old, unwrapped syntax for fragment expressions will be removed in future versions of Thymeleaf.
2024-08-29T09:15:47.348Z  WARN 8488 --- [monetab] [http-nio-8081-exec-5] actStandardFragmentInsertionTagProcessor : [THYMELEAF][http-nio-8081-exec-5][teachers/list] Deprecated unwrapped fragment expression "fragments/fragment::head" found in template teachers/list, line 6, col 7. Please use the complete syntax of fragment expressions instead ("~{fragments/fragment::head}"). The old, unwrapped syntax for fragment expressions will be removed in future versions of Thymeleaf.
2024-08-29T09:15:47.353Z  WARN 8488 --- [monetab] [http-nio-8081-exec-5] actStandardFragmentInsertionTagProcessor : [THYMELEAF][http-nio-8081-exec-5][teachers/list] Deprecated unwrapped fragment expression "fragments/fragment::sidebar" found in template teachers/list, line 8, col 23. Please use the complete syntax of fragment expressions instead ("~{fragments/fragment::sidebar}"). The old, unwrapped syntax for fragment expressions will be removed in future versions of Thymeleaf.
2024-08-29T09:15:47.387Z  WARN 8488 --- [monetab] [http-nio-8081-exec-5] actStandardFragmentInsertionTagProcessor : [THYMELEAF][http-nio-8081-exec-5][teachers/list] Deprecated unwrapped fragment expression "fragments/fragment::gender" found in template teachers/list, line 73, col 11. Please use the complete syntax of fragment expressions instead ("~{fragments/fragment::gender}"). The old, unwrapped syntax for fragment expressions will be removed in future versions of Thymeleaf.
2024-08-29T09:15:47.395Z  WARN 8488 --- [monetab] [http-nio-8081-exec-5] actStandardFragmentInsertionTagProcessor : [THYMELEAF][http-nio-8081-exec-5][teachers/list] Deprecated unwrapped fragment expression "fragments/fragment::modal" found in template teachers/list, line 74, col 11. Please use the complete syntax of fragment expressions instead ("~{fragments/fragment::modal}"). The old, unwrapped syntax for fragment expressions will be removed in future versions of Thymeleaf.
2024-08-29T09:15:49.705Z  WARN 8488 --- [monetab] [http-nio-8081-exec-8] actStandardFragmentInsertionTagProcessor : [THYMELEAF][http-nio-8081-exec-8][teachers/forms] Deprecated unwrapped fragment expression "fragments/fragment::head" found in template teachers/forms, line 6, col 7. Please use the complete syntax of fragment expressions instead ("~{fragments/fragment::head}"). The old, unwrapped syntax for fragment expressions will be removed in future versions of Thymeleaf.
2024-08-29T09:15:49.715Z  WARN 8488 --- [monetab] [http-nio-8081-exec-8] actStandardFragmentInsertionTagProcessor : [THYMELEAF][http-nio-8081-exec-8][teachers/forms] Deprecated unwrapped fragment expression "fragments/fragment::sidebar" found in template teachers/forms, line 8, col 23. Please use the complete syntax of fragment expressions instead ("~{fragments/fragment::sidebar}"). The old, unwrapped syntax for fragment expressions will be removed in future versions of Thymeleaf.
2024-08-29T09:15:49.762Z  WARN 8488 --- [monetab] [http-nio-8081-exec-8] actStandardFragmentInsertionTagProcessor : [THYMELEAF][http-nio-8081-exec-8][teachers/forms] Deprecated unwrapped fragment expression "fragments/fragment::gender" found in template teachers/forms, line 60, col 11. Please use the complete syntax of fragment expressions instead ("~{fragments/fragment::gender}"). The old, unwrapped syntax for fragment expressions will be removed in future versions of Thymeleaf.
2024-08-29T09:15:49.766Z  WARN 8488 --- [monetab] [http-nio-8081-exec-8] actStandardFragmentInsertionTagProcessor : [THYMELEAF][http-nio-8081-exec-8][teachers/forms] Deprecated unwrapped fragment expression "fragments/fragment::modal" found in template teachers/forms, line 61, col 11. Please use the complete syntax of fragment expressions instead ("~{fragments/fragment::modal}"). The old, unwrapped syntax for fragment expressions will be removed in future versions of Thymeleaf.
2024-08-29T09:16:21.940Z  WARN 8488 --- [monetab] [http-nio-8081-exec-9] actStandardFragmentInsertionTagProcessor : [THYMELEAF][http-nio-8081-exec-9][teachers/list] Deprecated unwrapped fragment expression "fragments/fragment::head" found in template teachers/list, line 6, col 7. Please use the complete syntax of fragment expressions instead ("~{fragments/fragment::head}"). The old, unwrapped syntax for fragment expressions will be removed in future versions of Thymeleaf.
2024-08-29T09:16:21.945Z  WARN 8488 --- [monetab] [http-nio-8081-exec-9] actStandardFragmentInsertionTagProcessor : [THYMELEAF][http-nio-8081-exec-9][teachers/list] Deprecated unwrapped fragment expression "fragments/fragment::sidebar" found in template teachers/list, line 8, col 23. Please use the complete syntax of fragment expressions instead ("~{fragments/fragment::sidebar}"). The old, unwrapped syntax for fragment expressions will be removed in future versions of Thymeleaf.
2024-08-29T09:16:21.967Z  WARN 8488 --- [monetab] [http-nio-8081-exec-9] actStandardFragmentInsertionTagProcessor : [THYMELEAF][http-nio-8081-exec-9][teachers/list] Deprecated unwrapped fragment expression "fragments/fragment::gender" found in template teachers/list, line 73, col 11. Please use the complete syntax of fragment expressions instead ("~{fragments/fragment::gender}"). The old, unwrapped syntax for fragment expressions will be removed in future versions of Thymeleaf.
2024-08-29T09:16:21.969Z  WARN 8488 --- [monetab] [http-nio-8081-exec-9] actStandardFragmentInsertionTagProcessor : [THYMELEAF][http-nio-8081-exec-9][teachers/list] Deprecated unwrapped fragment expression "fragments/fragment::modal" found in template teachers/list, line 74, col 11. Please use the complete syntax of fragment expressions instead ("~{fragments/fragment::modal}"). The old, unwrapped syntax for fragment expressions will be removed in future versions of Thymeleaf.
2024-08-29T09:16:27.127Z  WARN 8488 --- [monetab] [http-nio-8081-exec-7] actStandardFragmentInsertionTagProcessor : [THYMELEAF][http-nio-8081-exec-7][teachers/list] Deprecated unwrapped fragment expression "fragments/fragment::head" found in template teachers/list, line 6, col 7. Please use the complete syntax of fragment expressions instead ("~{fragments/fragment::head}"). The old, unwrapped syntax for fragment expressions will be removed in future versions of Thymeleaf.
2024-08-29T09:16:27.130Z  WARN 8488 --- [monetab] [http-nio-8081-exec-7] actStandardFragmentInsertionTagProcessor : [THYMELEAF][http-nio-8081-exec-7][teachers/list] Deprecated unwrapped fragment expression "fragments/fragment::sidebar" found in template teachers/list, line 8, col 23. Please use the complete syntax of fragment expressions instead ("~{fragments/fragment::sidebar}"). The old, unwrapped syntax for fragment expressions will be removed in future versions of Thymeleaf.
2024-08-29T09:16:27.136Z  WARN 8488 --- [monetab] [http-nio-8081-exec-7] actStandardFragmentInsertionTagProcessor : [THYMELEAF][http-nio-8081-exec-7][teachers/list] Deprecated unwrapped fragment expression "fragments/fragment::gender" found in template teachers/list, line 73, col 11. Please use the complete syntax of fragment expressions instead ("~{fragments/fragment::gender}"). The old, unwrapped syntax for fragment expressions will be removed in future versions of Thymeleaf.
2024-08-29T09:16:27.139Z  WARN 8488 --- [monetab] [http-nio-8081-exec-7] actStandardFragmentInsertionTagProcessor : [THYMELEAF][http-nio-8081-exec-7][teachers/list] Deprecated unwrapped fragment expression "fragments/fragment::modal" found in template teachers/list, line 74, col 11. Please use the complete syntax of fragment expressions instead ("~{fragments/fragment::modal}"). The old, unwrapped syntax for fragment expressions will be removed in future versions of Thymeleaf.
2024-08-29T10:00:13.641Z  INFO 8488 --- [monetab] [File Watcher] rtingClassPathChangeChangedEventListener : Restarting due to 45 class path changes (0 additions, 45 deletions, 0 modifications)
2024-08-29T10:00:14.546Z  INFO 8488 --- [monetab] [Thread-5] j.LocalContainerEntityManagerFactoryBean : Closing JPA EntityManagerFactory for persistence unit 'default'
2024-08-29T10:00:14.561Z  INFO 8488 --- [monetab] [Thread-5] com.zaxxer.hikari.HikariDataSource       : HikariPool-1 - Shutdown initiated...
2024-08-29T10:00:14.570Z  INFO 8488 --- [monetab] [Thread-5] com.zaxxer.hikari.HikariDataSource       : HikariPool-1 - Shutdown completed.
2024-08-29T10:00:14.914Z  INFO 8488 --- [monetab] [restartedMain] c.d.monetab.MonetabApplication           : Starting MonetabApplication using Java 17.0.7 with PID 8488 (C:\Users\HP\Documents\Formation_ATOS\monetab\target\classes started by HP in C:\Users\HP\Documents\Formation_ATOS\monetab)
2024-08-29T10:00:14.914Z  INFO 8488 --- [monetab] [restartedMain] c.d.monetab.MonetabApplication           : No active profile set, falling back to 1 default profile: "default"
2024-08-29T10:00:14.986Z ERROR 8488 --- [monetab] [restartedMain] o.s.boot.SpringApplication               : Application run failed

java.lang.NoClassDefFoundError: ci/digitalacademy/monetab/services/UserService
	at java.base/java.lang.Class.getDeclaredConstructors0(Native Method) ~[na:na]
	at java.base/java.lang.Class.privateGetDeclaredConstructors(Class.java:3373) ~[na:na]
	at java.base/java.lang.Class.getDeclaredConstructors(Class.java:2555) ~[na:na]
	at org.springframework.boot.BeanDefinitionLoader.hasNoConstructors(BeanDefinitionLoader.java:293) ~[spring-boot-3.3.2.jar:3.3.2]
	at org.springframework.boot.BeanDefinitionLoader.isEligible(BeanDefinitionLoader.java:285) ~[spring-boot-3.3.2.jar:3.3.2]
	at org.springframework.boot.BeanDefinitionLoader.load(BeanDefinitionLoader.java:160) ~[spring-boot-3.3.2.jar:3.3.2]
	at org.springframework.boot.BeanDefinitionLoader.load(BeanDefinitionLoader.java:136) ~[spring-boot-3.3.2.jar:3.3.2]
	at org.springframework.boot.BeanDefinitionLoader.load(BeanDefinitionLoader.java:129) ~[spring-boot-3.3.2.jar:3.3.2]
	at org.springframework.boot.SpringApplication.load(SpringApplication.java:699) ~[spring-boot-3.3.2.jar:3.3.2]
	at org.springframework.boot.SpringApplication.prepareContext(SpringApplication.java:431) ~[spring-boot-3.3.2.jar:3.3.2]
	at org.springframework.boot.SpringApplication.run(SpringApplication.java:334) ~[spring-boot-3.3.2.jar:3.3.2]
	at org.springframework.boot.SpringApplication.run(SpringApplication.java:1363) ~[spring-boot-3.3.2.jar:3.3.2]
	at org.springframework.boot.SpringApplication.run(SpringApplication.java:1352) ~[spring-boot-3.3.2.jar:3.3.2]
	at ci.digitalacademy.monetab.MonetabApplication.main(MonetabApplication.java:30) ~[classes/:na]
	at java.base/jdk.internal.reflect.NativeMethodAccessorImpl.invoke0(Native Method) ~[na:na]
	at java.base/jdk.internal.reflect.NativeMethodAccessorImpl.invoke(NativeMethodAccessorImpl.java:77) ~[na:na]
	at java.base/jdk.internal.reflect.DelegatingMethodAccessorImpl.invoke(DelegatingMethodAccessorImpl.java:43) ~[na:na]
	at java.base/java.lang.reflect.Method.invoke(Method.java:568) ~[na:na]
	at org.springframework.boot.devtools.restart.RestartLauncher.run(RestartLauncher.java:50) ~[spring-boot-devtools-3.3.2.jar:3.3.2]
Caused by: java.lang.ClassNotFoundException: ci.digitalacademy.monetab.services.UserService
	at java.base/jdk.internal.loader.BuiltinClassLoader.loadClass(BuiltinClassLoader.java:641) ~[na:na]
	at java.base/jdk.internal.loader.ClassLoaders$AppClassLoader.loadClass(ClassLoaders.java:188) ~[na:na]
	at java.base/java.lang.ClassLoader.loadClass(ClassLoader.java:520) ~[na:na]
	... 19 common frames omitted

2024-08-29T10:00:27.511Z  INFO 8488 --- [monetab] [restartedMain] c.d.monetab.MonetabApplication           : Starting MonetabApplication using Java 17.0.7 with PID 8488 (C:\Users\HP\Documents\Formation_ATOS\monetab\target\classes started by HP in C:\Users\HP\Documents\Formation_ATOS\monetab)
2024-08-29T10:00:27.512Z  INFO 8488 --- [monetab] [restartedMain] c.d.monetab.MonetabApplication           : No active profile set, falling back to 1 default profile: "default"
2024-08-29T10:00:28.144Z  INFO 8488 --- [monetab] [restartedMain] .s.d.r.c.RepositoryConfigurationDelegate : Bootstrapping Spring Data JPA repositories in DEFAULT mode.
2024-08-29T10:00:28.215Z  INFO 8488 --- [monetab] [restartedMain] .s.d.r.c.RepositoryConfigurationDelegate : Finished Spring Data repository scanning in 69 ms. Found 5 JPA repository interfaces.
2024-08-29T10:00:28.571Z  INFO 8488 --- [monetab] [restartedMain] o.s.b.w.embedded.tomcat.TomcatWebServer  : Tomcat initialized with port 8081 (http)
2024-08-29T10:00:28.574Z  INFO 8488 --- [monetab] [restartedMain] o.apache.catalina.core.StandardService   : Starting service [Tomcat]
2024-08-29T10:00:28.575Z  INFO 8488 --- [monetab] [restartedMain] o.apache.catalina.core.StandardEngine    : Starting Servlet engine: [Apache Tomcat/10.1.26]
2024-08-29T10:00:28.658Z  INFO 8488 --- [monetab] [restartedMain] o.a.c.c.C.[Tomcat].[localhost].[/]       : Initializing Spring embedded WebApplicationContext
2024-08-29T10:00:28.659Z  INFO 8488 --- [monetab] [restartedMain] w.s.c.ServletWebServerApplicationContext : Root WebApplicationContext: initialization completed in 1135 ms
2024-08-29T10:00:28.796Z  INFO 8488 --- [monetab] [restartedMain] o.hibernate.jpa.internal.util.LogHelper  : HHH000204: Processing PersistenceUnitInfo [name: default]
2024-08-29T10:00:28.806Z  INFO 8488 --- [monetab] [restartedMain] o.h.c.internal.RegionFactoryInitiator    : HHH000026: Second-level cache disabled
2024-08-29T10:00:28.840Z  INFO 8488 --- [monetab] [restartedMain] o.s.o.j.p.SpringPersistenceUnitInfo      : No LoadTimeWeaver setup: ignoring JPA class transformer
2024-08-29T10:00:28.844Z  INFO 8488 --- [monetab] [restartedMain] com.zaxxer.hikari.HikariDataSource       : HikariPool-2 - Starting...
2024-08-29T10:00:28.853Z  INFO 8488 --- [monetab] [restartedMain] com.zaxxer.hikari.pool.HikariPool        : HikariPool-2 - Added connection com.mysql.cj.jdbc.ConnectionImpl@61e132a2
2024-08-29T10:00:28.853Z  INFO 8488 --- [monetab] [restartedMain] com.zaxxer.hikari.HikariDataSource       : HikariPool-2 - Start completed.
2024-08-29T10:00:28.856Z  WARN 8488 --- [monetab] [restartedMain] org.hibernate.dialect.Dialect            : HHH000511: The 5.5.5 version for [org.hibernate.dialect.MySQLDialect] is no longer supported, hence certain features may not work properly. The minimum supported version is 8.0.0. Check the community dialects project for available legacy versions.
2024-08-29T10:00:28.857Z  WARN 8488 --- [monetab] [restartedMain] org.hibernate.orm.deprecation            : HHH90000025: MySQLDialect does not need to be specified explicitly using 'hibernate.dialect' (remove the property setting and it will be selected by default)
2024-08-29T10:00:28.907Z  INFO 8488 --- [monetab] [restartedMain] o.hibernate.id.enhanced.TableGenerator   : HHH000398: Explicit segment value for id generator [hibernate_sequences.sequence_name] suggested; using default [default]
2024-08-29T10:00:29.170Z  INFO 8488 --- [monetab] [restartedMain] o.h.e.t.j.p.i.JtaPlatformInitiator       : HHH000489: No JTA platform available (set 'hibernate.transaction.jta.platform' to enable JTA platform integration)
2024-08-29T10:00:29.363Z  INFO 8488 --- [monetab] [restartedMain] j.LocalContainerEntityManagerFactoryBean : Initialized JPA EntityManagerFactory for persistence unit 'default'
2024-08-29T10:00:29.709Z  WARN 8488 --- [monetab] [restartedMain] JpaBaseConfiguration$JpaWebConfiguration : spring.jpa.open-in-view is enabled by default. Therefore, database queries may be performed during view rendering. Explicitly configure spring.jpa.open-in-view to disable this warning
2024-08-29T10:00:30.134Z  INFO 8488 --- [monetab] [restartedMain] o.s.b.d.a.OptionalLiveReloadServer       : LiveReload server is running on port 35729
2024-08-29T10:00:30.177Z  INFO 8488 --- [monetab] [restartedMain] o.s.b.w.embedded.tomcat.TomcatWebServer  : Tomcat started on port 8081 (http) with context path '/'
2024-08-29T10:00:30.196Z  INFO 8488 --- [monetab] [restartedMain] c.d.monetab.MonetabApplication           : Started MonetabApplication in 2.754 seconds (process running for 5252.925)
2024-08-29T10:00:30.202Z  INFO 8488 --- [monetab] [restartedMain] .ConditionEvaluationDeltaLoggingListener : Condition evaluation unchanged
2024-08-29T10:03:28.874Z  INFO 8488 --- [monetab] [File Watcher] rtingClassPathChangeChangedEventListener : Restarting due to 45 class path changes (0 additions, 45 deletions, 0 modifications)
2024-08-29T10:03:29.781Z  INFO 8488 --- [monetab] [Thread-7] j.LocalContainerEntityManagerFactoryBean : Closing JPA EntityManagerFactory for persistence unit 'default'
2024-08-29T10:03:29.783Z  INFO 8488 --- [monetab] [Thread-7] com.zaxxer.hikari.HikariDataSource       : HikariPool-2 - Shutdown initiated...
2024-08-29T10:03:29.788Z  INFO 8488 --- [monetab] [Thread-7] com.zaxxer.hikari.HikariDataSource       : HikariPool-2 - Shutdown completed.
2024-08-29T10:03:29.935Z  INFO 8488 --- [monetab] [restartedMain] c.d.monetab.MonetabApplication           : Starting MonetabApplication using Java 17.0.7 with PID 8488 (C:\Users\HP\Documents\Formation_ATOS\monetab\target\classes started by HP in C:\Users\HP\Documents\Formation_ATOS\monetab)
2024-08-29T10:03:29.936Z  INFO 8488 --- [monetab] [restartedMain] c.d.monetab.MonetabApplication           : No active profile set, falling back to 1 default profile: "default"
2024-08-29T10:03:29.946Z ERROR 8488 --- [monetab] [restartedMain] o.s.boot.SpringApplication               : Application run failed

java.lang.NoClassDefFoundError: ci/digitalacademy/monetab/services/UserService
	at java.base/java.lang.Class.getDeclaredConstructors0(Native Method) ~[na:na]
	at java.base/java.lang.Class.privateGetDeclaredConstructors(Class.java:3373) ~[na:na]
	at java.base/java.lang.Class.getDeclaredConstructors(Class.java:2555) ~[na:na]
	at org.springframework.boot.BeanDefinitionLoader.hasNoConstructors(BeanDefinitionLoader.java:293) ~[spring-boot-3.3.2.jar:3.3.2]
	at org.springframework.boot.BeanDefinitionLoader.isEligible(BeanDefinitionLoader.java:285) ~[spring-boot-3.3.2.jar:3.3.2]
	at org.springframework.boot.BeanDefinitionLoader.load(BeanDefinitionLoader.java:160) ~[spring-boot-3.3.2.jar:3.3.2]
	at org.springframework.boot.BeanDefinitionLoader.load(BeanDefinitionLoader.java:136) ~[spring-boot-3.3.2.jar:3.3.2]
	at org.springframework.boot.BeanDefinitionLoader.load(BeanDefinitionLoader.java:129) ~[spring-boot-3.3.2.jar:3.3.2]
	at org.springframework.boot.SpringApplication.load(SpringApplication.java:699) ~[spring-boot-3.3.2.jar:3.3.2]
	at org.springframework.boot.SpringApplication.prepareContext(SpringApplication.java:431) ~[spring-boot-3.3.2.jar:3.3.2]
	at org.springframework.boot.SpringApplication.run(SpringApplication.java:334) ~[spring-boot-3.3.2.jar:3.3.2]
	at org.springframework.boot.SpringApplication.run(SpringApplication.java:1363) ~[spring-boot-3.3.2.jar:3.3.2]
	at org.springframework.boot.SpringApplication.run(SpringApplication.java:1352) ~[spring-boot-3.3.2.jar:3.3.2]
	at ci.digitalacademy.monetab.MonetabApplication.main(MonetabApplication.java:30) ~[classes/:na]
	at java.base/jdk.internal.reflect.NativeMethodAccessorImpl.invoke0(Native Method) ~[na:na]
	at java.base/jdk.internal.reflect.NativeMethodAccessorImpl.invoke(NativeMethodAccessorImpl.java:77) ~[na:na]
	at java.base/jdk.internal.reflect.DelegatingMethodAccessorImpl.invoke(DelegatingMethodAccessorImpl.java:43) ~[na:na]
	at java.base/java.lang.reflect.Method.invoke(Method.java:568) ~[na:na]
	at org.springframework.boot.devtools.restart.RestartLauncher.run(RestartLauncher.java:50) ~[spring-boot-devtools-3.3.2.jar:3.3.2]
Caused by: java.lang.ClassNotFoundException: ci.digitalacademy.monetab.services.UserService
	at java.base/jdk.internal.loader.BuiltinClassLoader.loadClass(BuiltinClassLoader.java:641) ~[na:na]
	at java.base/jdk.internal.loader.ClassLoaders$AppClassLoader.loadClass(ClassLoaders.java:188) ~[na:na]
	at java.base/java.lang.ClassLoader.loadClass(ClassLoader.java:520) ~[na:na]
	... 19 common frames omitted

2024-08-29T10:03:44.462Z  INFO 8488 --- [monetab] [restartedMain] c.d.monetab.MonetabApplication           : Starting MonetabApplication using Java 17.0.7 with PID 8488 (C:\Users\HP\Documents\Formation_ATOS\monetab\target\classes started by HP in C:\Users\HP\Documents\Formation_ATOS\monetab)
2024-08-29T10:03:44.464Z  INFO 8488 --- [monetab] [restartedMain] c.d.monetab.MonetabApplication           : No active profile set, falling back to 1 default profile: "default"
2024-08-29T10:03:45.267Z  INFO 8488 --- [monetab] [restartedMain] .s.d.r.c.RepositoryConfigurationDelegate : Bootstrapping Spring Data JPA repositories in DEFAULT mode.
2024-08-29T10:03:45.330Z  INFO 8488 --- [monetab] [restartedMain] .s.d.r.c.RepositoryConfigurationDelegate : Finished Spring Data repository scanning in 62 ms. Found 5 JPA repository interfaces.
2024-08-29T10:03:45.676Z  INFO 8488 --- [monetab] [restartedMain] o.s.b.w.embedded.tomcat.TomcatWebServer  : Tomcat initialized with port 8081 (http)
2024-08-29T10:03:45.679Z  INFO 8488 --- [monetab] [restartedMain] o.apache.catalina.core.StandardService   : Starting service [Tomcat]
2024-08-29T10:03:45.679Z  INFO 8488 --- [monetab] [restartedMain] o.apache.catalina.core.StandardEngine    : Starting Servlet engine: [Apache Tomcat/10.1.26]
2024-08-29T10:03:45.761Z  INFO 8488 --- [monetab] [restartedMain] o.a.c.c.C.[Tomcat].[localhost].[/]       : Initializing Spring embedded WebApplicationContext
2024-08-29T10:03:45.762Z  INFO 8488 --- [monetab] [restartedMain] w.s.c.ServletWebServerApplicationContext : Root WebApplicationContext: initialization completed in 1284 ms
2024-08-29T10:03:45.906Z  WARN 8488 --- [monetab] [restartedMain] ConfigServletWebServerApplicationContext : Exception encountered during context initialization - cancelling refresh attempt: org.springframework.beans.factory.UnsatisfiedDependencyException: Error creating bean with name 'entityManagerFactory' defined in class path resource [org/springframework/boot/autoconfigure/orm/jpa/HibernateJpaConfiguration.class]: Unsatisfied dependency expressed through method 'entityManagerFactory' parameter 1: Error creating bean with name 'persistenceManagedTypes' defined in class path resource [org/springframework/boot/autoconfigure/orm/jpa/JpaBaseConfiguration$PersistenceManagedTypesConfiguration.class]: Failed to instantiate [org.springframework.orm.jpa.persistenceunit.PersistenceManagedTypes]: Factory method 'persistenceManagedTypes' threw exception with message: Failed to read candidate component class: file [C:\Users\HP\Documents\Formation_ATOS\monetab\target\classes\ci\digitalacademy\monetab\services\impl\StudentServiceImpl.class]
2024-08-29T10:03:45.908Z  INFO 8488 --- [monetab] [restartedMain] o.apache.catalina.core.StandardService   : Stopping service [Tomcat]
2024-08-29T10:03:45.935Z  INFO 8488 --- [monetab] [restartedMain] .s.b.a.l.ConditionEvaluationReportLogger : 

Error starting ApplicationContext. To display the condition evaluation report re-run your application with 'debug' enabled.
2024-08-29T10:03:45.946Z ERROR 8488 --- [monetab] [restartedMain] o.s.boot.SpringApplication               : Application run failed

org.springframework.beans.factory.UnsatisfiedDependencyException: Error creating bean with name 'entityManagerFactory' defined in class path resource [org/springframework/boot/autoconfigure/orm/jpa/HibernateJpaConfiguration.class]: Unsatisfied dependency expressed through method 'entityManagerFactory' parameter 1: Error creating bean with name 'persistenceManagedTypes' defined in class path resource [org/springframework/boot/autoconfigure/orm/jpa/JpaBaseConfiguration$PersistenceManagedTypesConfiguration.class]: Failed to instantiate [org.springframework.orm.jpa.persistenceunit.PersistenceManagedTypes]: Factory method 'persistenceManagedTypes' threw exception with message: Failed to read candidate component class: file [C:\Users\HP\Documents\Formation_ATOS\monetab\target\classes\ci\digitalacademy\monetab\services\impl\StudentServiceImpl.class]
	at org.springframework.beans.factory.support.ConstructorResolver.createArgumentArray(ConstructorResolver.java:795) ~[spring-beans-6.1.11.jar:6.1.11]
	at org.springframework.beans.factory.support.ConstructorResolver.instantiateUsingFactoryMethod(ConstructorResolver.java:542) ~[spring-beans-6.1.11.jar:6.1.11]
	at org.springframework.beans.factory.support.AbstractAutowireCapableBeanFactory.instantiateUsingFactoryMethod(AbstractAutowireCapableBeanFactory.java:1355) ~[spring-beans-6.1.11.jar:6.1.11]
	at org.springframework.beans.factory.support.AbstractAutowireCapableBeanFactory.createBeanInstance(AbstractAutowireCapableBeanFactory.java:1185) ~[spring-beans-6.1.11.jar:6.1.11]
	at org.springframework.beans.factory.support.AbstractAutowireCapableBeanFactory.doCreateBean(AbstractAutowireCapableBeanFactory.java:562) ~[spring-beans-6.1.11.jar:6.1.11]
	at org.springframework.beans.factory.support.AbstractAutowireCapableBeanFactory.createBean(AbstractAutowireCapableBeanFactory.java:522) ~[spring-beans-6.1.11.jar:6.1.11]
	at org.springframework.beans.factory.support.AbstractBeanFactory.lambda$doGetBean$0(AbstractBeanFactory.java:337) ~[spring-beans-6.1.11.jar:6.1.11]
	at org.springframework.beans.factory.support.DefaultSingletonBeanRegistry.getSingleton(DefaultSingletonBeanRegistry.java:234) ~[spring-beans-6.1.11.jar:6.1.11]
	at org.springframework.beans.factory.support.AbstractBeanFactory.doGetBean(AbstractBeanFactory.java:335) ~[spring-beans-6.1.11.jar:6.1.11]
	at org.springframework.beans.factory.support.AbstractBeanFactory.getBean(AbstractBeanFactory.java:205) ~[spring-beans-6.1.11.jar:6.1.11]
	at org.springframework.context.support.AbstractApplicationContext.finishBeanFactoryInitialization(AbstractApplicationContext.java:954) ~[spring-context-6.1.11.jar:6.1.11]
	at org.springframework.context.support.AbstractApplicationContext.refresh(AbstractApplicationContext.java:625) ~[spring-context-6.1.11.jar:6.1.11]
	at org.springframework.boot.web.servlet.context.ServletWebServerApplicationContext.refresh(ServletWebServerApplicationContext.java:146) ~[spring-boot-3.3.2.jar:3.3.2]
	at org.springframework.boot.SpringApplication.refresh(SpringApplication.java:754) ~[spring-boot-3.3.2.jar:3.3.2]
	at org.springframework.boot.SpringApplication.refreshContext(SpringApplication.java:456) ~[spring-boot-3.3.2.jar:3.3.2]
	at org.springframework.boot.SpringApplication.run(SpringApplication.java:335) ~[spring-boot-3.3.2.jar:3.3.2]
	at org.springframework.boot.SpringApplication.run(SpringApplication.java:1363) ~[spring-boot-3.3.2.jar:3.3.2]
	at org.springframework.boot.SpringApplication.run(SpringApplication.java:1352) ~[spring-boot-3.3.2.jar:3.3.2]
	at ci.digitalacademy.monetab.MonetabApplication.main(MonetabApplication.java:30) ~[classes/:na]
	at java.base/jdk.internal.reflect.NativeMethodAccessorImpl.invoke0(Native Method) ~[na:na]
	at java.base/jdk.internal.reflect.NativeMethodAccessorImpl.invoke(NativeMethodAccessorImpl.java:77) ~[na:na]
	at java.base/jdk.internal.reflect.DelegatingMethodAccessorImpl.invoke(DelegatingMethodAccessorImpl.java:43) ~[na:na]
	at java.base/java.lang.reflect.Method.invoke(Method.java:568) ~[na:na]
	at org.springframework.boot.devtools.restart.RestartLauncher.run(RestartLauncher.java:50) ~[spring-boot-devtools-3.3.2.jar:3.3.2]
Caused by: org.springframework.beans.factory.BeanCreationException: Error creating bean with name 'persistenceManagedTypes' defined in class path resource [org/springframework/boot/autoconfigure/orm/jpa/JpaBaseConfiguration$PersistenceManagedTypesConfiguration.class]: Failed to instantiate [org.springframework.orm.jpa.persistenceunit.PersistenceManagedTypes]: Factory method 'persistenceManagedTypes' threw exception with message: Failed to read candidate component class: file [C:\Users\HP\Documents\Formation_ATOS\monetab\target\classes\ci\digitalacademy\monetab\services\impl\StudentServiceImpl.class]
	at org.springframework.beans.factory.support.ConstructorResolver.instantiate(ConstructorResolver.java:648) ~[spring-beans-6.1.11.jar:6.1.11]
	at org.springframework.beans.factory.support.ConstructorResolver.instantiateUsingFactoryMethod(ConstructorResolver.java:636) ~[spring-beans-6.1.11.jar:6.1.11]
	at org.springframework.beans.factory.support.AbstractAutowireCapableBeanFactory.instantiateUsingFactoryMethod(AbstractAutowireCapableBeanFactory.java:1355) ~[spring-beans-6.1.11.jar:6.1.11]
	at org.springframework.beans.factory.support.AbstractAutowireCapableBeanFactory.createBeanInstance(AbstractAutowireCapableBeanFactory.java:1185) ~[spring-beans-6.1.11.jar:6.1.11]
	at org.springframework.beans.factory.support.AbstractAutowireCapableBeanFactory.doCreateBean(AbstractAutowireCapableBeanFactory.java:562) ~[spring-beans-6.1.11.jar:6.1.11]
	at org.springframework.beans.factory.support.AbstractAutowireCapableBeanFactory.createBean(AbstractAutowireCapableBeanFactory.java:522) ~[spring-beans-6.1.11.jar:6.1.11]
	at org.springframework.beans.factory.support.AbstractBeanFactory.lambda$doGetBean$0(AbstractBeanFactory.java:337) ~[spring-beans-6.1.11.jar:6.1.11]
	at org.springframework.beans.factory.support.DefaultSingletonBeanRegistry.getSingleton(DefaultSingletonBeanRegistry.java:234) ~[spring-beans-6.1.11.jar:6.1.11]
	at org.springframework.beans.factory.support.AbstractBeanFactory.doGetBean(AbstractBeanFactory.java:335) ~[spring-beans-6.1.11.jar:6.1.11]
	at org.springframework.beans.factory.support.AbstractBeanFactory.getBean(AbstractBeanFactory.java:200) ~[spring-beans-6.1.11.jar:6.1.11]
	at org.springframework.beans.factory.config.DependencyDescriptor.resolveCandidate(DependencyDescriptor.java:254) ~[spring-beans-6.1.11.jar:6.1.11]
	at org.springframework.beans.factory.support.DefaultListableBeanFactory.doResolveDependency(DefaultListableBeanFactory.java:1443) ~[spring-beans-6.1.11.jar:6.1.11]
	at org.springframework.beans.factory.support.DefaultListableBeanFactory.resolveDependency(DefaultListableBeanFactory.java:1353) ~[spring-beans-6.1.11.jar:6.1.11]
	at org.springframework.beans.factory.support.ConstructorResolver.resolveAutowiredArgument(ConstructorResolver.java:904) ~[spring-beans-6.1.11.jar:6.1.11]
	at org.springframework.beans.factory.support.ConstructorResolver.createArgumentArray(ConstructorResolver.java:782) ~[spring-beans-6.1.11.jar:6.1.11]
	... 23 common frames omitted
Caused by: org.springframework.beans.BeanInstantiationException: Failed to instantiate [org.springframework.orm.jpa.persistenceunit.PersistenceManagedTypes]: Factory method 'persistenceManagedTypes' threw exception with message: Failed to read candidate component class: file [C:\Users\HP\Documents\Formation_ATOS\monetab\target\classes\ci\digitalacademy\monetab\services\impl\StudentServiceImpl.class]
	at org.springframework.beans.factory.support.SimpleInstantiationStrategy.instantiate(SimpleInstantiationStrategy.java:178) ~[spring-beans-6.1.11.jar:6.1.11]
	at org.springframework.beans.factory.support.ConstructorResolver.instantiate(ConstructorResolver.java:644) ~[spring-beans-6.1.11.jar:6.1.11]
	... 37 common frames omitted
Caused by: jakarta.persistence.PersistenceException: Failed to read candidate component class: file [C:\Users\HP\Documents\Formation_ATOS\monetab\target\classes\ci\digitalacademy\monetab\services\impl\StudentServiceImpl.class]
	at org.springframework.orm.jpa.persistenceunit.PersistenceManagedTypesScanner.scanPackage(PersistenceManagedTypesScanner.java:166) ~[spring-orm-6.1.11.jar:6.1.11]
	at org.springframework.orm.jpa.persistenceunit.PersistenceManagedTypesScanner.scan(PersistenceManagedTypesScanner.java:118) ~[spring-orm-6.1.11.jar:6.1.11]
	at org.springframework.boot.autoconfigure.orm.jpa.JpaBaseConfiguration$PersistenceManagedTypesConfiguration.persistenceManagedTypes(JpaBaseConfiguration.java:204) ~[spring-boot-autoconfigure-3.3.2.jar:3.3.2]
	at java.base/jdk.internal.reflect.NativeMethodAccessorImpl.invoke0(Native Method) ~[na:na]
	at java.base/jdk.internal.reflect.NativeMethodAccessorImpl.invoke(NativeMethodAccessorImpl.java:77) ~[na:na]
	at java.base/jdk.internal.reflect.DelegatingMethodAccessorImpl.invoke(DelegatingMethodAccessorImpl.java:43) ~[na:na]
	at java.base/java.lang.reflect.Method.invoke(Method.java:568) ~[na:na]
	at org.springframework.beans.factory.support.SimpleInstantiationStrategy.instantiate(SimpleInstantiationStrategy.java:146) ~[spring-beans-6.1.11.jar:6.1.11]
	... 38 common frames omitted
Caused by: java.lang.ArrayIndexOutOfBoundsException: Index 6 out of bounds for length 0
	at org.springframework.asm.ClassReader.readShort(ClassReader.java:3627) ~[spring-core-6.1.11.jar:6.1.11]
	at org.springframework.asm.ClassReader.<init>(ClassReader.java:197) ~[spring-core-6.1.11.jar:6.1.11]
	at org.springframework.asm.ClassReader.<init>(ClassReader.java:180) ~[spring-core-6.1.11.jar:6.1.11]
	at org.springframework.asm.ClassReader.<init>(ClassReader.java:166) ~[spring-core-6.1.11.jar:6.1.11]
	at org.springframework.asm.ClassReader.<init>(ClassReader.java:287) ~[spring-core-6.1.11.jar:6.1.11]
	at org.springframework.core.type.classreading.SimpleMetadataReader.getClassReader(SimpleMetadataReader.java:56) ~[spring-core-6.1.11.jar:6.1.11]
	at org.springframework.core.type.classreading.SimpleMetadataReader.<init>(SimpleMetadataReader.java:48) ~[spring-core-6.1.11.jar:6.1.11]
	at org.springframework.core.type.classreading.SimpleMetadataReaderFactory.getMetadataReader(SimpleMetadataReaderFactory.java:103) ~[spring-core-6.1.11.jar:6.1.11]
	at org.springframework.core.type.classreading.CachingMetadataReaderFactory.getMetadataReader(CachingMetadataReaderFactory.java:122) ~[spring-core-6.1.11.jar:6.1.11]
	at org.springframework.orm.jpa.persistenceunit.PersistenceManagedTypesScanner.scanPackage(PersistenceManagedTypesScanner.java:141) ~[spring-orm-6.1.11.jar:6.1.11]
	... 45 common frames omitted

2024-08-29T10:03:47.974Z  INFO 8488 --- [monetab] [restartedMain] c.d.monetab.MonetabApplication           : Starting MonetabApplication using Java 17.0.7 with PID 8488 (C:\Users\HP\Documents\Formation_ATOS\monetab\target\classes started by HP in C:\Users\HP\Documents\Formation_ATOS\monetab)
2024-08-29T10:03:47.975Z  INFO 8488 --- [monetab] [restartedMain] c.d.monetab.MonetabApplication           : No active profile set, falling back to 1 default profile: "default"
2024-08-29T10:03:48.523Z  INFO 8488 --- [monetab] [restartedMain] .s.d.r.c.RepositoryConfigurationDelegate : Bootstrapping Spring Data JPA repositories in DEFAULT mode.
2024-08-29T10:03:48.601Z  INFO 8488 --- [monetab] [restartedMain] .s.d.r.c.RepositoryConfigurationDelegate : Finished Spring Data repository scanning in 76 ms. Found 5 JPA repository interfaces.
2024-08-29T10:03:48.897Z  INFO 8488 --- [monetab] [restartedMain] o.s.b.w.embedded.tomcat.TomcatWebServer  : Tomcat initialized with port 8081 (http)
2024-08-29T10:03:48.902Z  INFO 8488 --- [monetab] [restartedMain] o.apache.catalina.core.StandardService   : Starting service [Tomcat]
2024-08-29T10:03:48.903Z  INFO 8488 --- [monetab] [restartedMain] o.apache.catalina.core.StandardEngine    : Starting Servlet engine: [Apache Tomcat/10.1.26]
2024-08-29T10:03:48.976Z  INFO 8488 --- [monetab] [restartedMain] o.a.c.c.C.[Tomcat-1].[localhost].[/]     : Initializing Spring embedded WebApplicationContext
2024-08-29T10:03:48.977Z  INFO 8488 --- [monetab] [restartedMain] w.s.c.ServletWebServerApplicationContext : Root WebApplicationContext: initialization completed in 993 ms
2024-08-29T10:03:49.105Z  INFO 8488 --- [monetab] [restartedMain] o.hibernate.jpa.internal.util.LogHelper  : HHH000204: Processing PersistenceUnitInfo [name: default]
2024-08-29T10:03:49.125Z  INFO 8488 --- [monetab] [restartedMain] o.h.c.internal.RegionFactoryInitiator    : HHH000026: Second-level cache disabled
2024-08-29T10:03:49.158Z  INFO 8488 --- [monetab] [restartedMain] o.s.o.j.p.SpringPersistenceUnitInfo      : No LoadTimeWeaver setup: ignoring JPA class transformer
2024-08-29T10:03:49.161Z  INFO 8488 --- [monetab] [restartedMain] com.zaxxer.hikari.HikariDataSource       : HikariPool-3 - Starting...
2024-08-29T10:03:49.169Z  INFO 8488 --- [monetab] [restartedMain] com.zaxxer.hikari.pool.HikariPool        : HikariPool-3 - Added connection com.mysql.cj.jdbc.ConnectionImpl@299cc178
2024-08-29T10:03:49.170Z  INFO 8488 --- [monetab] [restartedMain] com.zaxxer.hikari.HikariDataSource       : HikariPool-3 - Start completed.
2024-08-29T10:03:49.173Z  WARN 8488 --- [monetab] [restartedMain] org.hibernate.dialect.Dialect            : HHH000511: The 5.5.5 version for [org.hibernate.dialect.MySQLDialect] is no longer supported, hence certain features may not work properly. The minimum supported version is 8.0.0. Check the community dialects project for available legacy versions.
2024-08-29T10:03:49.174Z  WARN 8488 --- [monetab] [restartedMain] org.hibernate.orm.deprecation            : HHH90000025: MySQLDialect does not need to be specified explicitly using 'hibernate.dialect' (remove the property setting and it will be selected by default)
2024-08-29T10:03:49.241Z  INFO 8488 --- [monetab] [restartedMain] o.hibernate.id.enhanced.TableGenerator   : HHH000398: Explicit segment value for id generator [hibernate_sequences.sequence_name] suggested; using default [default]
2024-08-29T10:03:49.542Z  INFO 8488 --- [monetab] [restartedMain] o.h.e.t.j.p.i.JtaPlatformInitiator       : HHH000489: No JTA platform available (set 'hibernate.transaction.jta.platform' to enable JTA platform integration)
2024-08-29T10:03:49.770Z  INFO 8488 --- [monetab] [restartedMain] j.LocalContainerEntityManagerFactoryBean : Initialized JPA EntityManagerFactory for persistence unit 'default'
2024-08-29T10:03:50.104Z  WARN 8488 --- [monetab] [restartedMain] JpaBaseConfiguration$JpaWebConfiguration : spring.jpa.open-in-view is enabled by default. Therefore, database queries may be performed during view rendering. Explicitly configure spring.jpa.open-in-view to disable this warning
2024-08-29T10:03:50.455Z  INFO 8488 --- [monetab] [restartedMain] o.s.b.d.a.OptionalLiveReloadServer       : LiveReload server is running on port 35729
2024-08-29T10:03:50.491Z  INFO 8488 --- [monetab] [restartedMain] o.s.b.w.embedded.tomcat.TomcatWebServer  : Tomcat started on port 8081 (http) with context path '/'
2024-08-29T10:03:50.505Z  INFO 8488 --- [monetab] [restartedMain] c.d.monetab.MonetabApplication           : Started MonetabApplication in 2.603 seconds (process running for 5453.234)
2024-08-29T10:03:50.508Z  INFO 8488 --- [monetab] [restartedMain] .ConditionEvaluationDeltaLoggingListener : Condition evaluation unchanged
2024-08-29T10:11:03.603Z  INFO 8488 --- [monetab] [File Watcher] rtingClassPathChangeChangedEventListener : Restarting due to 10 class path changes (0 additions, 10 deletions, 0 modifications)
2024-08-29T10:11:04.302Z  INFO 8488 --- [monetab] [Thread-13] j.LocalContainerEntityManagerFactoryBean : Closing JPA EntityManagerFactory for persistence unit 'default'
2024-08-29T10:11:04.303Z  INFO 8488 --- [monetab] [Thread-13] com.zaxxer.hikari.HikariDataSource       : HikariPool-3 - Shutdown initiated...
2024-08-29T10:11:04.306Z  INFO 8488 --- [monetab] [Thread-13] com.zaxxer.hikari.HikariDataSource       : HikariPool-3 - Shutdown completed.
2024-08-29T10:11:04.437Z  INFO 8488 --- [monetab] [restartedMain] c.d.monetab.MonetabApplication           : Starting MonetabApplication using Java 17.0.7 with PID 8488 (C:\Users\HP\Documents\Formation_ATOS\monetab\target\classes started by HP in C:\Users\HP\Documents\Formation_ATOS\monetab)
2024-08-29T10:11:04.438Z  INFO 8488 --- [monetab] [restartedMain] c.d.monetab.MonetabApplication           : No active profile set, falling back to 1 default profile: "default"
2024-08-29T10:11:04.814Z  INFO 8488 --- [monetab] [restartedMain] .s.d.r.c.RepositoryConfigurationDelegate : Bootstrapping Spring Data JPA repositories in DEFAULT mode.
2024-08-29T10:11:04.854Z  INFO 8488 --- [monetab] [restartedMain] .s.d.r.c.RepositoryConfigurationDelegate : Finished Spring Data repository scanning in 39 ms. Found 5 JPA repository interfaces.
2024-08-29T10:11:05.087Z  INFO 8488 --- [monetab] [restartedMain] o.s.b.w.embedded.tomcat.TomcatWebServer  : Tomcat initialized with port 8081 (http)
2024-08-29T10:11:05.089Z  INFO 8488 --- [monetab] [restartedMain] o.apache.catalina.core.StandardService   : Starting service [Tomcat]
2024-08-29T10:11:05.090Z  INFO 8488 --- [monetab] [restartedMain] o.apache.catalina.core.StandardEngine    : Starting Servlet engine: [Apache Tomcat/10.1.26]
2024-08-29T10:11:05.140Z  INFO 8488 --- [monetab] [restartedMain] o.a.c.c.C.[Tomcat-1].[localhost].[/]     : Initializing Spring embedded WebApplicationContext
2024-08-29T10:11:05.141Z  INFO 8488 --- [monetab] [restartedMain] w.s.c.ServletWebServerApplicationContext : Root WebApplicationContext: initialization completed in 695 ms
2024-08-29T10:11:05.240Z  INFO 8488 --- [monetab] [restartedMain] o.hibernate.jpa.internal.util.LogHelper  : HHH000204: Processing PersistenceUnitInfo [name: default]
2024-08-29T10:11:05.247Z  INFO 8488 --- [monetab] [restartedMain] o.h.c.internal.RegionFactoryInitiator    : HHH000026: Second-level cache disabled
2024-08-29T10:11:05.265Z  INFO 8488 --- [monetab] [restartedMain] o.s.o.j.p.SpringPersistenceUnitInfo      : No LoadTimeWeaver setup: ignoring JPA class transformer
2024-08-29T10:11:05.268Z  INFO 8488 --- [monetab] [restartedMain] com.zaxxer.hikari.HikariDataSource       : HikariPool-4 - Starting...
2024-08-29T10:11:05.274Z  INFO 8488 --- [monetab] [restartedMain] com.zaxxer.hikari.pool.HikariPool        : HikariPool-4 - Added connection com.mysql.cj.jdbc.ConnectionImpl@57ad444c
2024-08-29T10:11:05.274Z  INFO 8488 --- [monetab] [restartedMain] com.zaxxer.hikari.HikariDataSource       : HikariPool-4 - Start completed.
2024-08-29T10:11:05.275Z  WARN 8488 --- [monetab] [restartedMain] org.hibernate.dialect.Dialect            : HHH000511: The 5.5.5 version for [org.hibernate.dialect.MySQLDialect] is no longer supported, hence certain features may not work properly. The minimum supported version is 8.0.0. Check the community dialects project for available legacy versions.
2024-08-29T10:11:05.276Z  WARN 8488 --- [monetab] [restartedMain] org.hibernate.orm.deprecation            : HHH90000025: MySQLDialect does not need to be specified explicitly using 'hibernate.dialect' (remove the property setting and it will be selected by default)
2024-08-29T10:11:05.314Z  INFO 8488 --- [monetab] [restartedMain] o.hibernate.id.enhanced.TableGenerator   : HHH000398: Explicit segment value for id generator [hibernate_sequences.sequence_name] suggested; using default [default]
2024-08-29T10:11:05.454Z  INFO 8488 --- [monetab] [restartedMain] o.h.e.t.j.p.i.JtaPlatformInitiator       : HHH000489: No JTA platform available (set 'hibernate.transaction.jta.platform' to enable JTA platform integration)
2024-08-29T10:11:05.615Z  INFO 8488 --- [monetab] [restartedMain] j.LocalContainerEntityManagerFactoryBean : Initialized JPA EntityManagerFactory for persistence unit 'default'
2024-08-29T10:11:05.630Z  WARN 8488 --- [monetab] [restartedMain] ConfigServletWebServerApplicationContext : Exception encountered during context initialization - cancelling refresh attempt: org.springframework.beans.factory.UnsatisfiedDependencyException: Error creating bean with name 'monetabApplication': Unsatisfied dependency expressed through constructor parameter 0: No qualifying bean of type 'ci.digitalacademy.monetab.services.UserService' available: expected at least 1 bean which qualifies as autowire candidate. Dependency annotations: {}
2024-08-29T10:11:05.631Z  INFO 8488 --- [monetab] [restartedMain] j.LocalContainerEntityManagerFactoryBean : Closing JPA EntityManagerFactory for persistence unit 'default'
2024-08-29T10:11:05.631Z  INFO 8488 --- [monetab] [restartedMain] com.zaxxer.hikari.HikariDataSource       : HikariPool-4 - Shutdown initiated...
2024-08-29T10:11:05.666Z  INFO 8488 --- [monetab] [restartedMain] com.zaxxer.hikari.HikariDataSource       : HikariPool-4 - Shutdown completed.
2024-08-29T10:11:05.667Z  INFO 8488 --- [monetab] [restartedMain] o.apache.catalina.core.StandardService   : Stopping service [Tomcat]
2024-08-29T10:11:05.678Z  INFO 8488 --- [monetab] [restartedMain] .s.b.a.l.ConditionEvaluationReportLogger : 

Error starting ApplicationContext. To display the condition evaluation report re-run your application with 'debug' enabled.
2024-08-29T10:11:05.696Z ERROR 8488 --- [monetab] [restartedMain] o.s.b.d.LoggingFailureAnalysisReporter   : 

***************************
APPLICATION FAILED TO START
***************************

Description:

Parameter 0 of constructor in ci.digitalacademy.monetab.MonetabApplication required a bean of type 'ci.digitalacademy.monetab.services.UserService' that could not be found.


Action:

Consider defining a bean of type 'ci.digitalacademy.monetab.services.UserService' in your configuration.

2024-08-29T10:11:11.333Z  INFO 8488 --- [monetab] [restartedMain] c.d.monetab.MonetabApplication           : Starting MonetabApplication using Java 17.0.7 with PID 8488 (C:\Users\HP\Documents\Formation_ATOS\monetab\target\classes started by HP in C:\Users\HP\Documents\Formation_ATOS\monetab)
2024-08-29T10:11:11.333Z  INFO 8488 --- [monetab] [restartedMain] c.d.monetab.MonetabApplication           : No active profile set, falling back to 1 default profile: "default"
2024-08-29T10:11:11.762Z  INFO 8488 --- [monetab] [restartedMain] .s.d.r.c.RepositoryConfigurationDelegate : Bootstrapping Spring Data JPA repositories in DEFAULT mode.
2024-08-29T10:11:11.812Z  INFO 8488 --- [monetab] [restartedMain] .s.d.r.c.RepositoryConfigurationDelegate : Finished Spring Data repository scanning in 50 ms. Found 5 JPA repository interfaces.
2024-08-29T10:11:12.031Z  INFO 8488 --- [monetab] [restartedMain] o.s.b.w.embedded.tomcat.TomcatWebServer  : Tomcat initialized with port 8081 (http)
2024-08-29T10:11:12.033Z  INFO 8488 --- [monetab] [restartedMain] o.apache.catalina.core.StandardService   : Starting service [Tomcat]
2024-08-29T10:11:12.033Z  INFO 8488 --- [monetab] [restartedMain] o.apache.catalina.core.StandardEngine    : Starting Servlet engine: [Apache Tomcat/10.1.26]
2024-08-29T10:11:12.085Z  INFO 8488 --- [monetab] [restartedMain] o.a.c.c.C.[Tomcat-2].[localhost].[/]     : Initializing Spring embedded WebApplicationContext
2024-08-29T10:11:12.085Z  INFO 8488 --- [monetab] [restartedMain] w.s.c.ServletWebServerApplicationContext : Root WebApplicationContext: initialization completed in 744 ms
2024-08-29T10:11:12.183Z  INFO 8488 --- [monetab] [restartedMain] o.hibernate.jpa.internal.util.LogHelper  : HHH000204: Processing PersistenceUnitInfo [name: default]
2024-08-29T10:11:12.190Z  INFO 8488 --- [monetab] [restartedMain] o.h.c.internal.RegionFactoryInitiator    : HHH000026: Second-level cache disabled
2024-08-29T10:11:12.210Z  INFO 8488 --- [monetab] [restartedMain] o.s.o.j.p.SpringPersistenceUnitInfo      : No LoadTimeWeaver setup: ignoring JPA class transformer
2024-08-29T10:11:12.213Z  INFO 8488 --- [monetab] [restartedMain] com.zaxxer.hikari.HikariDataSource       : HikariPool-5 - Starting...
2024-08-29T10:11:12.218Z  INFO 8488 --- [monetab] [restartedMain] com.zaxxer.hikari.pool.HikariPool        : HikariPool-5 - Added connection com.mysql.cj.jdbc.ConnectionImpl@906b01
2024-08-29T10:11:12.218Z  INFO 8488 --- [monetab] [restartedMain] com.zaxxer.hikari.HikariDataSource       : HikariPool-5 - Start completed.
2024-08-29T10:11:12.220Z  WARN 8488 --- [monetab] [restartedMain] org.hibernate.dialect.Dialect            : HHH000511: The 5.5.5 version for [org.hibernate.dialect.MySQLDialect] is no longer supported, hence certain features may not work properly. The minimum supported version is 8.0.0. Check the community dialects project for available legacy versions.
2024-08-29T10:11:12.220Z  WARN 8488 --- [monetab] [restartedMain] org.hibernate.orm.deprecation            : HHH90000025: MySQLDialect does not need to be specified explicitly using 'hibernate.dialect' (remove the property setting and it will be selected by default)
2024-08-29T10:11:12.258Z  INFO 8488 --- [monetab] [restartedMain] o.hibernate.id.enhanced.TableGenerator   : HHH000398: Explicit segment value for id generator [hibernate_sequences.sequence_name] suggested; using default [default]
2024-08-29T10:11:12.428Z  INFO 8488 --- [monetab] [restartedMain] o.h.e.t.j.p.i.JtaPlatformInitiator       : HHH000489: No JTA platform available (set 'hibernate.transaction.jta.platform' to enable JTA platform integration)
2024-08-29T10:11:12.603Z  INFO 8488 --- [monetab] [restartedMain] j.LocalContainerEntityManagerFactoryBean : Initialized JPA EntityManagerFactory for persistence unit 'default'
2024-08-29T10:11:12.614Z  WARN 8488 --- [monetab] [restartedMain] ConfigServletWebServerApplicationContext : Exception encountered during context initialization - cancelling refresh attempt: org.springframework.beans.factory.UnsatisfiedDependencyException: Error creating bean with name 'monetabApplication': Unsatisfied dependency expressed through constructor parameter 0: No qualifying bean of type 'ci.digitalacademy.monetab.services.UserService' available: expected at least 1 bean which qualifies as autowire candidate. Dependency annotations: {}
2024-08-29T10:11:12.615Z  INFO 8488 --- [monetab] [restartedMain] j.LocalContainerEntityManagerFactoryBean : Closing JPA EntityManagerFactory for persistence unit 'default'
2024-08-29T10:11:12.615Z  INFO 8488 --- [monetab] [restartedMain] com.zaxxer.hikari.HikariDataSource       : HikariPool-5 - Shutdown initiated...
2024-08-29T10:11:12.636Z  INFO 8488 --- [monetab] [restartedMain] com.zaxxer.hikari.HikariDataSource       : HikariPool-5 - Shutdown completed.
2024-08-29T10:11:12.637Z  INFO 8488 --- [monetab] [restartedMain] o.apache.catalina.core.StandardService   : Stopping service [Tomcat]
2024-08-29T10:11:12.647Z  INFO 8488 --- [monetab] [restartedMain] .s.b.a.l.ConditionEvaluationReportLogger : 

Error starting ApplicationContext. To display the condition evaluation report re-run your application with 'debug' enabled.
2024-08-29T10:11:12.660Z ERROR 8488 --- [monetab] [restartedMain] o.s.b.d.LoggingFailureAnalysisReporter   : 

***************************
APPLICATION FAILED TO START
***************************

Description:

Parameter 0 of constructor in ci.digitalacademy.monetab.MonetabApplication required a bean of type 'ci.digitalacademy.monetab.services.UserService' that could not be found.


Action:

Consider defining a bean of type 'ci.digitalacademy.monetab.services.UserService' in your configuration.

2024-08-29T10:11:14.181Z  INFO 8488 --- [monetab] [restartedMain] c.d.monetab.MonetabApplication           : Starting MonetabApplication using Java 17.0.7 with PID 8488 (C:\Users\HP\Documents\Formation_ATOS\monetab\target\classes started by HP in C:\Users\HP\Documents\Formation_ATOS\monetab)
2024-08-29T10:11:14.181Z  INFO 8488 --- [monetab] [restartedMain] c.d.monetab.MonetabApplication           : No active profile set, falling back to 1 default profile: "default"
2024-08-29T10:11:14.562Z  INFO 8488 --- [monetab] [restartedMain] .s.d.r.c.RepositoryConfigurationDelegate : Bootstrapping Spring Data JPA repositories in DEFAULT mode.
2024-08-29T10:11:14.610Z  INFO 8488 --- [monetab] [restartedMain] .s.d.r.c.RepositoryConfigurationDelegate : Finished Spring Data repository scanning in 47 ms. Found 5 JPA repository interfaces.
2024-08-29T10:11:14.815Z  INFO 8488 --- [monetab] [restartedMain] o.s.b.w.embedded.tomcat.TomcatWebServer  : Tomcat initialized with port 8081 (http)
2024-08-29T10:11:14.816Z  INFO 8488 --- [monetab] [restartedMain] o.apache.catalina.core.StandardService   : Starting service [Tomcat]
2024-08-29T10:11:14.817Z  INFO 8488 --- [monetab] [restartedMain] o.apache.catalina.core.StandardEngine    : Starting Servlet engine: [Apache Tomcat/10.1.26]
2024-08-29T10:11:14.879Z  INFO 8488 --- [monetab] [restartedMain] o.a.c.c.C.[Tomcat-3].[localhost].[/]     : Initializing Spring embedded WebApplicationContext
2024-08-29T10:11:14.880Z  INFO 8488 --- [monetab] [restartedMain] w.s.c.ServletWebServerApplicationContext : Root WebApplicationContext: initialization completed in 692 ms
2024-08-29T10:11:14.959Z  INFO 8488 --- [monetab] [restartedMain] o.hibernate.jpa.internal.util.LogHelper  : HHH000204: Processing PersistenceUnitInfo [name: default]
2024-08-29T10:11:14.965Z  INFO 8488 --- [monetab] [restartedMain] o.h.c.internal.RegionFactoryInitiator    : HHH000026: Second-level cache disabled
2024-08-29T10:11:14.996Z  INFO 8488 --- [monetab] [restartedMain] o.s.o.j.p.SpringPersistenceUnitInfo      : No LoadTimeWeaver setup: ignoring JPA class transformer
2024-08-29T10:11:15.000Z  INFO 8488 --- [monetab] [restartedMain] com.zaxxer.hikari.HikariDataSource       : HikariPool-6 - Starting...
2024-08-29T10:11:15.006Z  INFO 8488 --- [monetab] [restartedMain] com.zaxxer.hikari.pool.HikariPool        : HikariPool-6 - Added connection com.mysql.cj.jdbc.ConnectionImpl@6c87f55
2024-08-29T10:11:15.006Z  INFO 8488 --- [monetab] [restartedMain] com.zaxxer.hikari.HikariDataSource       : HikariPool-6 - Start completed.
2024-08-29T10:11:15.008Z  WARN 8488 --- [monetab] [restartedMain] org.hibernate.dialect.Dialect            : HHH000511: The 5.5.5 version for [org.hibernate.dialect.MySQLDialect] is no longer supported, hence certain features may not work properly. The minimum supported version is 8.0.0. Check the community dialects project for available legacy versions.
2024-08-29T10:11:15.009Z  WARN 8488 --- [monetab] [restartedMain] org.hibernate.orm.deprecation            : HHH90000025: MySQLDialect does not need to be specified explicitly using 'hibernate.dialect' (remove the property setting and it will be selected by default)
2024-08-29T10:11:15.084Z  INFO 8488 --- [monetab] [restartedMain] o.hibernate.id.enhanced.TableGenerator   : HHH000398: Explicit segment value for id generator [hibernate_sequences.sequence_name] suggested; using default [default]
2024-08-29T10:11:15.311Z  INFO 8488 --- [monetab] [restartedMain] o.h.e.t.j.p.i.JtaPlatformInitiator       : HHH000489: No JTA platform available (set 'hibernate.transaction.jta.platform' to enable JTA platform integration)
2024-08-29T10:11:15.741Z  INFO 8488 --- [monetab] [restartedMain] j.LocalContainerEntityManagerFactoryBean : Initialized JPA EntityManagerFactory for persistence unit 'default'
2024-08-29T10:11:15.980Z  WARN 8488 --- [monetab] [restartedMain] JpaBaseConfiguration$JpaWebConfiguration : spring.jpa.open-in-view is enabled by default. Therefore, database queries may be performed during view rendering. Explicitly configure spring.jpa.open-in-view to disable this warning
2024-08-29T10:11:16.278Z  INFO 8488 --- [monetab] [restartedMain] o.s.b.d.a.OptionalLiveReloadServer       : LiveReload server is running on port 35729
2024-08-29T10:11:16.310Z  INFO 8488 --- [monetab] [restartedMain] o.s.b.w.embedded.tomcat.TomcatWebServer  : Tomcat started on port 8081 (http) with context path '/'
2024-08-29T10:11:16.320Z  INFO 8488 --- [monetab] [restartedMain] c.d.monetab.MonetabApplication           : Started MonetabApplication in 2.18 seconds (process running for 5899.049)
2024-08-29T10:11:16.323Z  INFO 8488 --- [monetab] [restartedMain] .ConditionEvaluationDeltaLoggingListener : Condition evaluation unchanged
2024-08-29T10:16:06.192Z  INFO 8488 --- [monetab] [http-nio-8081-exec-1] o.a.c.c.C.[Tomcat-3].[localhost].[/]     : Initializing Spring DispatcherServlet 'dispatcherServlet'
2024-08-29T10:16:06.192Z  INFO 8488 --- [monetab] [http-nio-8081-exec-1] o.s.web.servlet.DispatcherServlet        : Initializing Servlet 'dispatcherServlet'
2024-08-29T10:16:06.196Z  INFO 8488 --- [monetab] [http-nio-8081-exec-1] o.s.web.servlet.DispatcherServlet        : Completed initialization in 3 ms
2024-08-29T10:39:00.627Z  INFO 8488 --- [monetab] [File Watcher] rtingClassPathChangeChangedEventListener : Restarting due to 1 class path change (1 addition, 0 deletions, 0 modifications)
2024-08-29T10:39:01.293Z  INFO 8488 --- [monetab] [Thread-22] j.LocalContainerEntityManagerFactoryBean : Closing JPA EntityManagerFactory for persistence unit 'default'
2024-08-29T10:39:01.295Z  INFO 8488 --- [monetab] [Thread-22] com.zaxxer.hikari.HikariDataSource       : HikariPool-6 - Shutdown initiated...
2024-08-29T10:39:01.298Z  INFO 8488 --- [monetab] [Thread-22] com.zaxxer.hikari.HikariDataSource       : HikariPool-6 - Shutdown completed.
2024-08-29T10:39:01.434Z  INFO 8488 --- [monetab] [restartedMain] c.d.monetab.MonetabApplication           : Starting MonetabApplication using Java 17.0.7 with PID 8488 (C:\Users\HP\Documents\Formation_ATOS\monetab\target\classes started by HP in C:\Users\HP\Documents\Formation_ATOS\monetab)
2024-08-29T10:39:01.434Z  INFO 8488 --- [monetab] [restartedMain] c.d.monetab.MonetabApplication           : No active profile set, falling back to 1 default profile: "default"
2024-08-29T10:39:01.834Z  INFO 8488 --- [monetab] [restartedMain] .s.d.r.c.RepositoryConfigurationDelegate : Bootstrapping Spring Data JPA repositories in DEFAULT mode.
2024-08-29T10:39:01.890Z  INFO 8488 --- [monetab] [restartedMain] .s.d.r.c.RepositoryConfigurationDelegate : Finished Spring Data repository scanning in 55 ms. Found 5 JPA repository interfaces.
2024-08-29T10:39:02.059Z  INFO 8488 --- [monetab] [restartedMain] o.s.b.w.embedded.tomcat.TomcatWebServer  : Tomcat initialized with port 8081 (http)
2024-08-29T10:39:02.060Z  INFO 8488 --- [monetab] [restartedMain] o.apache.catalina.core.StandardService   : Starting service [Tomcat]
2024-08-29T10:39:02.061Z  INFO 8488 --- [monetab] [restartedMain] o.apache.catalina.core.StandardEngine    : Starting Servlet engine: [Apache Tomcat/10.1.26]
2024-08-29T10:39:02.100Z  INFO 8488 --- [monetab] [restartedMain] o.a.c.c.C.[Tomcat-3].[localhost].[/]     : Initializing Spring embedded WebApplicationContext
2024-08-29T10:39:02.100Z  INFO 8488 --- [monetab] [restartedMain] w.s.c.ServletWebServerApplicationContext : Root WebApplicationContext: initialization completed in 659 ms
2024-08-29T10:39:02.175Z  INFO 8488 --- [monetab] [restartedMain] o.hibernate.jpa.internal.util.LogHelper  : HHH000204: Processing PersistenceUnitInfo [name: default]
2024-08-29T10:39:02.179Z  INFO 8488 --- [monetab] [restartedMain] o.h.c.internal.RegionFactoryInitiator    : HHH000026: Second-level cache disabled
2024-08-29T10:39:02.190Z  INFO 8488 --- [monetab] [restartedMain] o.s.o.j.p.SpringPersistenceUnitInfo      : No LoadTimeWeaver setup: ignoring JPA class transformer
2024-08-29T10:39:02.192Z  INFO 8488 --- [monetab] [restartedMain] com.zaxxer.hikari.HikariDataSource       : HikariPool-7 - Starting...
2024-08-29T10:39:02.197Z  INFO 8488 --- [monetab] [restartedMain] com.zaxxer.hikari.pool.HikariPool        : HikariPool-7 - Added connection com.mysql.cj.jdbc.ConnectionImpl@7b03b248
2024-08-29T10:39:02.197Z  INFO 8488 --- [monetab] [restartedMain] com.zaxxer.hikari.HikariDataSource       : HikariPool-7 - Start completed.
2024-08-29T10:39:02.199Z  WARN 8488 --- [monetab] [restartedMain] org.hibernate.dialect.Dialect            : HHH000511: The 5.5.5 version for [org.hibernate.dialect.MySQLDialect] is no longer supported, hence certain features may not work properly. The minimum supported version is 8.0.0. Check the community dialects project for available legacy versions.
2024-08-29T10:39:02.200Z  WARN 8488 --- [monetab] [restartedMain] org.hibernate.orm.deprecation            : HHH90000025: MySQLDialect does not need to be specified explicitly using 'hibernate.dialect' (remove the property setting and it will be selected by default)
2024-08-29T10:39:02.224Z  INFO 8488 --- [monetab] [restartedMain] o.hibernate.id.enhanced.TableGenerator   : HHH000398: Explicit segment value for id generator [hibernate_sequences.sequence_name] suggested; using default [default]
2024-08-29T10:39:02.325Z  INFO 8488 --- [monetab] [restartedMain] o.h.e.t.j.p.i.JtaPlatformInitiator       : HHH000489: No JTA platform available (set 'hibernate.transaction.jta.platform' to enable JTA platform integration)
2024-08-29T10:39:02.491Z  INFO 8488 --- [monetab] [restartedMain] j.LocalContainerEntityManagerFactoryBean : Initialized JPA EntityManagerFactory for persistence unit 'default'
2024-08-29T10:39:02.622Z  WARN 8488 --- [monetab] [restartedMain] JpaBaseConfiguration$JpaWebConfiguration : spring.jpa.open-in-view is enabled by default. Therefore, database queries may be performed during view rendering. Explicitly configure spring.jpa.open-in-view to disable this warning
2024-08-29T10:39:02.792Z  INFO 8488 --- [monetab] [restartedMain] o.s.b.d.a.OptionalLiveReloadServer       : LiveReload server is running on port 35729
2024-08-29T10:39:02.820Z  INFO 8488 --- [monetab] [restartedMain] o.s.b.w.embedded.tomcat.TomcatWebServer  : Tomcat started on port 8081 (http) with context path '/'
2024-08-29T10:39:02.830Z  INFO 8488 --- [monetab] [restartedMain] c.d.monetab.MonetabApplication           : Started MonetabApplication in 1.44 seconds (process running for 7565.559)
2024-08-29T10:39:02.833Z  INFO 8488 --- [monetab] [restartedMain] .ConditionEvaluationDeltaLoggingListener : Condition evaluation unchanged
2024-08-29T10:59:23.192Z  INFO 8488 --- [monetab] [File Watcher] rtingClassPathChangeChangedEventListener : Restarting due to 1 class path change (0 additions, 1 deletion, 0 modifications)
2024-08-29T10:59:23.931Z  INFO 8488 --- [monetab] [Thread-32] j.LocalContainerEntityManagerFactoryBean : Closing JPA EntityManagerFactory for persistence unit 'default'
2024-08-29T10:59:23.932Z  INFO 8488 --- [monetab] [Thread-32] com.zaxxer.hikari.HikariDataSource       : HikariPool-7 - Shutdown initiated...
2024-08-29T10:59:23.937Z  INFO 8488 --- [monetab] [Thread-32] com.zaxxer.hikari.HikariDataSource       : HikariPool-7 - Shutdown completed.
2024-08-29T10:59:24.088Z  INFO 8488 --- [monetab] [restartedMain] c.d.monetab.MonetabApplication           : Starting MonetabApplication using Java 17.0.7 with PID 8488 (C:\Users\HP\Documents\Formation_ATOS\monetab\target\classes started by HP in C:\Users\HP\Documents\Formation_ATOS\monetab)
2024-08-29T10:59:24.089Z  INFO 8488 --- [monetab] [restartedMain] c.d.monetab.MonetabApplication           : No active profile set, falling back to 1 default profile: "default"
2024-08-29T10:59:24.548Z  INFO 8488 --- [monetab] [restartedMain] .s.d.r.c.RepositoryConfigurationDelegate : Bootstrapping Spring Data JPA repositories in DEFAULT mode.
2024-08-29T10:59:24.600Z  INFO 8488 --- [monetab] [restartedMain] .s.d.r.c.RepositoryConfigurationDelegate : Finished Spring Data repository scanning in 50 ms. Found 5 JPA repository interfaces.
2024-08-29T10:59:24.851Z  INFO 8488 --- [monetab] [restartedMain] o.s.b.w.embedded.tomcat.TomcatWebServer  : Tomcat initialized with port 8081 (http)
2024-08-29T10:59:24.853Z  INFO 8488 --- [monetab] [restartedMain] o.apache.catalina.core.StandardService   : Starting service [Tomcat]
2024-08-29T10:59:24.853Z  INFO 8488 --- [monetab] [restartedMain] o.apache.catalina.core.StandardEngine    : Starting Servlet engine: [Apache Tomcat/10.1.26]
2024-08-29T10:59:24.909Z  INFO 8488 --- [monetab] [restartedMain] o.a.c.c.C.[Tomcat-3].[localhost].[/]     : Initializing Spring embedded WebApplicationContext
2024-08-29T10:59:24.909Z  INFO 8488 --- [monetab] [restartedMain] w.s.c.ServletWebServerApplicationContext : Root WebApplicationContext: initialization completed in 812 ms
2024-08-29T10:59:25.025Z  INFO 8488 --- [monetab] [restartedMain] o.hibernate.jpa.internal.util.LogHelper  : HHH000204: Processing PersistenceUnitInfo [name: default]
2024-08-29T10:59:25.037Z  INFO 8488 --- [monetab] [restartedMain] o.h.c.internal.RegionFactoryInitiator    : HHH000026: Second-level cache disabled
2024-08-29T10:59:25.067Z  INFO 8488 --- [monetab] [restartedMain] o.s.o.j.p.SpringPersistenceUnitInfo      : No LoadTimeWeaver setup: ignoring JPA class transformer
2024-08-29T10:59:25.071Z  INFO 8488 --- [monetab] [restartedMain] com.zaxxer.hikari.HikariDataSource       : HikariPool-8 - Starting...
2024-08-29T10:59:25.078Z  INFO 8488 --- [monetab] [restartedMain] com.zaxxer.hikari.pool.HikariPool        : HikariPool-8 - Added connection com.mysql.cj.jdbc.ConnectionImpl@1c0c266e
2024-08-29T10:59:25.078Z  INFO 8488 --- [monetab] [restartedMain] com.zaxxer.hikari.HikariDataSource       : HikariPool-8 - Start completed.
2024-08-29T10:59:25.080Z  WARN 8488 --- [monetab] [restartedMain] org.hibernate.dialect.Dialect            : HHH000511: The 5.5.5 version for [org.hibernate.dialect.MySQLDialect] is no longer supported, hence certain features may not work properly. The minimum supported version is 8.0.0. Check the community dialects project for available legacy versions.
2024-08-29T10:59:25.080Z  WARN 8488 --- [monetab] [restartedMain] org.hibernate.orm.deprecation            : HHH90000025: MySQLDialect does not need to be specified explicitly using 'hibernate.dialect' (remove the property setting and it will be selected by default)
2024-08-29T10:59:25.119Z  INFO 8488 --- [monetab] [restartedMain] o.hibernate.id.enhanced.TableGenerator   : HHH000398: Explicit segment value for id generator [hibernate_sequences.sequence_name] suggested; using default [default]
2024-08-29T10:59:25.279Z  INFO 8488 --- [monetab] [restartedMain] o.h.e.t.j.p.i.JtaPlatformInitiator       : HHH000489: No JTA platform available (set 'hibernate.transaction.jta.platform' to enable JTA platform integration)
2024-08-29T10:59:25.437Z  INFO 8488 --- [monetab] [restartedMain] j.LocalContainerEntityManagerFactoryBean : Initialized JPA EntityManagerFactory for persistence unit 'default'
2024-08-29T10:59:25.699Z  WARN 8488 --- [monetab] [restartedMain] JpaBaseConfiguration$JpaWebConfiguration : spring.jpa.open-in-view is enabled by default. Therefore, database queries may be performed during view rendering. Explicitly configure spring.jpa.open-in-view to disable this warning
2024-08-29T10:59:26.067Z  INFO 8488 --- [monetab] [restartedMain] o.s.b.d.a.OptionalLiveReloadServer       : LiveReload server is running on port 35729
2024-08-29T10:59:26.096Z  INFO 8488 --- [monetab] [restartedMain] o.s.b.w.embedded.tomcat.TomcatWebServer  : Tomcat started on port 8081 (http) with context path '/'
2024-08-29T10:59:26.108Z  INFO 8488 --- [monetab] [restartedMain] c.d.monetab.MonetabApplication           : Started MonetabApplication in 2.074 seconds (process running for 8788.836)
2024-08-29T10:59:26.111Z  INFO 8488 --- [monetab] [restartedMain] .ConditionEvaluationDeltaLoggingListener : Condition evaluation unchanged
